<?xml version="1.0" encoding="UTF-8"?>
<testsuite name="com.bridgelab.addressbooktest.AddressBookTesting" tests="1" skipped="0" failures="0" errors="0" timestamp="2021-08-02T18:31:17" hostname="NARUTO" time="0.537">
  <properties/>
  <testcase name="givenReadFromDB_ShouldReturnListOfContacts()" classname="com.bridgelab.addressbooktest.AddressBookTesting" time="0.537"/>
  <system-out><![CDATA[Conecting to databasejdbc:mysql://localhost:3306/addressbook_service?useSSL=false
Connection sucessfulcom.mysql.cj.jdbc.ConnectionImpl@5a5ee4dd
]]></system-out>
  <system-err><![CDATA[]]></system-err>
</testsuite>
